<?xml version="1.0" encoding="UTF-8"?>
<testsuite name="ru.mn.cs.MathematicsTest" tests="1" skipped="0" failures="0" errors="0" timestamp="2020-03-30T06:23:29" hostname="Air-Anton" time="0.006">
  <properties/>
  <testcase name="testArea" classname="ru.mn.cs.MathematicsTest" time="0.006"/>
  <system-out><![CDATA[]]></system-out>
  <system-err><![CDATA[]]></system-err>
</testsuite>
